<?xml version="1.0" encoding="UTF-8"?>
<!-- Generated by org.testng.reporters.JUnitReportReporter -->
<testsuite skipped="0" hostname="DESKTOP-23V34RH" name="com.qa.bestbuy.automation.runners.TestRunner" tests="1" failures="0" timestamp="2021-03-24T15:39:59 EDT" time="58.496" errors="0">
  <testcase name="feature" time="58.496" classname="com.qa.bestbuy.automation.runners.TestRunner"/>
  <system-out/>
</testsuite> <!-- com.qa.bestbuy.automation.runners.TestRunner -->
